<?xml version="1.0" encoding="UTF-8"?>
<testng-results skipped="0" failed="0" total="1" passed="1">
  <reporter-output>
  </reporter-output>
  <suite name="Default suite" duration-ms="16729" started-at="2020-12-09T13:09:42Z" finished-at="2020-12-09T13:09:59Z">
    <groups>
    </groups>
    <test name="Default test" duration-ms="16729" started-at="2020-12-09T13:09:42Z" finished-at="2020-12-09T13:09:59Z">
      <class name="com.PatientRateusTestcases.RateUsTestcase5">
        <test-method status="PASS" signature="login1()[pri:0, instance:com.PatientRateusTestcases.RateUsTestcase5@2a5ca609]" name="login1" is-config="true" duration-ms="27243" started-at="2020-12-09T18:39:15Z" finished-at="2020-12-09T18:39:42Z">
          <reporter-output>
          </reporter-output>
        </test-method> <!-- login1 -->
        <test-method status="PASS" signature="rateus()[pri:0, instance:com.PatientRateusTestcases.RateUsTestcase5@2a5ca609]" name="rateus" duration-ms="16713" started-at="2020-12-09T18:39:42Z" finished-at="2020-12-09T18:39:59Z">
          <reporter-output>
          </reporter-output>
        </test-method> <!-- rateus -->
        <test-method status="PASS" signature="Aftersuite()[pri:0, instance:com.PatientRateusTestcases.RateUsTestcase5@2a5ca609]" name="Aftersuite" is-config="true" duration-ms="102" started-at="2020-12-09T18:39:59Z" finished-at="2020-12-09T18:39:59Z">
          <reporter-output>
          </reporter-output>
        </test-method> <!-- Aftersuite -->
      </class> <!-- com.PatientRateusTestcases.RateUsTestcase5 -->
    </test> <!-- Default test -->
  </suite> <!-- Default suite -->
</testng-results>
